<?xml version="1.0" encoding="UTF-8"?>
<Site BuildName="(empty)"
	BuildStamp="20240723-0837-Experimental"
	Name="Agu-desktop"
	Generator="ctest-3.23.3"
	CompilerName="/usr/bin/c++"
	CompilerVersion="9.4.0"
	OSName="Linux"
	Hostname="Agu-desktop"
	OSRelease="5.10.102.1-microsoft-standard-WSL2"
	OSVersion="#1 SMP Wed Mar 2 00:30:59 UTC 2022"
	OSPlatform="x86_64"
	Is64Bits="1"
	VendorString="GenuineIntel"
	VendorID="Intel Corporation"
	FamilyID="6"
	ModelID="151"
	ProcessorCacheSize="30720"
	NumberOfLogicalCPU="24"
	NumberOfPhysicalCPU="12"
	TotalVirtualMemory="16384"
	TotalPhysicalMemory="64180"
	LogicalProcessorsPerPhysical="2"
	ProcessorClockFrequency="3187.2"
	>
	<Testing>
		<StartDateTime>Jul 23 18:01 KST</StartDateTime>
		<StartTestTime>1721725312</StartTestTime>
		<TestList/>
		<EndDateTime>Jul 23 18:01 KST</EndDateTime>
		<EndTestTime>1721725312</EndTestTime>
		<ElapsedMinutes>0</ElapsedMinutes>
	</Testing>
</Site>
